[15:54:30.158] [INFO] storybook v10.3.6
[15:54:31.047] [DEBUG] Getting package.json info for /home/dmenezesgabriel/Documents/repos/notes/apps/storybook/package.json...
[15:54:34.475] [INFO] Storybook collects completely anonymous usage telemetry. We use it to shape Storybook's roadmap and prioritize features. You can learn more, including how to opt out, at https://storybook.js.org/telemetry
[15:54:35.429] [INFO] Starting...
[15:54:35.527] [DEBUG] Starting preview..
[15:54:35.549] [DEBUG] Using tsconfig paths for react-docgen
[15:54:35.793] [ERROR] Failed to build the preview
[15:54:35.797] [ERROR] [38;2;241;97;97mError: Failed to resolve entry for package "@notes/components". The package may have incorrect main/module/exports specified in its package.json.[39m
    at packageEntryFailure (file:///home/dmenezesgabriel/Documents/repos/notes/node_modules/.pnpm/vite@5.4.21_@types+node@20.19.39/node_modules/vite/dist/node/chunks/dep-BK3b2jBa.js:46638:15)
    at resolvePackageEntry (file:///home/dmenezesgabriel/Documents/repos/notes/node_modules/.pnpm/vite@5.4.21_@types+node@20.19.39/node_modules/vite/dist/node/chunks/dep-BK3b2jBa.js:46635:3)
    at tryNodeResolve (file:///home/dmenezesgabriel/Documents/repos/notes/node_modules/.pnpm/vite@5.4.21_@types+node@20.19.39/node_modules/vite/dist/node/chunks/dep-BK3b2jBa.js:46451:16)
    at ResolveIdContext.resolveId (file:///home/dmenezesgabriel/Documents/repos/notes/node_modules/.pnpm/vite@5.4.21_@types+node@20.19.39/node_modules/vite/dist/node/chunks/dep-BK3b2jBa.js:46201:19)
    at PluginContainer.resolveId (file:///home/dmenezesgabriel/Documents/repos/notes/node_modules/.pnpm/vite@5.4.21_@types+node@20.19.39/node_modules/vite/dist/node/chunks/dep-BK3b2jBa.js:49018:17)
    at async file:///home/dmenezesgabriel/Documents/repos/notes/node_modules/.pnpm/vite@5.4.21_@types+node@20.19.39/node_modules/vite/dist/node/chunks/dep-BK3b2jBa.js:66542:15
    at async file:///home/dmenezesgabriel/Documents/repos/notes/node_modules/.pnpm/vite@5.4.21_@types+node@20.19.39/node_modules/vite/dist/node/chunks/dep-BK3b2jBa.js:49933:14
    at async addManuallyIncludedOptimizeDeps (file:///home/dmenezesgabriel/Documents/repos/notes/node_modules/.pnpm/vite@5.4.21_@types+node@20.19.39/node_modules/vite/dist/node/chunks/dep-BK3b2jBa.js:50984:23)
    at async createDepsOptimizer (file:///home/dmenezesgabriel/Documents/repos/notes/node_modules/.pnpm/vite@5.4.21_@types+node@20.19.39/node_modules/vite/dist/node/chunks/dep-BK3b2jBa.js:50152:5)
    at async initDepsOptimizer (file:///home/dmenezesgabriel/Documents/repos/notes/node_modules/.pnpm/vite@5.4.21_@types+node@20.19.39/node_modules/vite/dist/node/chunks/dep-BK3b2jBa.js:50047:5)
[15:54:35.803] [WARN] Broken build, fix the error above.
You may need to refresh the browser.